<?xml version="1.0" encoding="utf-8"?><testsuites><testsuite name="pytest" errors="0" failures="0" skipped="0" tests="5" time="91.079" timestamp="2022-11-02T17:26:36.010505" hostname="cotvec-361"><testcase classname="tests.api.kabinet_agena.test_kabinet_agenta.TestSendOrders" name="test_send_anket" time="10.661" /><testcase classname="tests.api.kabinet_agena.test_kabinet_agenta.TestSendOrders" name="test_send_anket_with_forbidden_characters" time="0.191" /><testcase classname="tests.ib.test_main" name="test_login_unlogin[chromium]" time="30.883" /><testcase classname="tests.ib.test_main" name="test_login_mobile[iPhone 11-chromium]" time="25.681" /><testcase classname="tests.ib.test_main" name="test_login_mobile[Pixel 2-chromium]" time="23.451" /></testsuite></testsuites>